number,value,datetime_start,datetime_complete,duration,params_dense_units,params_initial_filters,params_kernel_size,params_lstm_hidden,params_n_blocks,user_attrs_epochs_por_split,user_attrs_mean_epoch,user_attrs_mean_test_auc,user_attrs_mean_val_auc,state
0,0.604260935143288,2026-04-16 10:20:26.302291,2026-04-16 10:31:57.592142,0 days 00:11:31.289851,48,44,5,96,2,"[45, 44, 65, 22, 66]",48.4,0.5431947069943289,0.604260935143288,COMPLETE
1,0.5833710407239818,2026-04-16 10:31:57.615296,2026-04-16 10:41:45.689484,0 days 00:09:48.074188,64,16,15,96,2,"[16, 41, 19, 17, 30]",24.6,0.5379017013232514,0.5833710407239818,COMPLETE
2,0.5866109757512473,2026-04-16 10:41:45.725359,2026-04-16 10:50:38.578337,0 days 00:08:52.852978,64,16,13,128,4,"[16, 17, 26, 25, 18]",20.4,0.5656899810964082,0.5866109757512473,COMPLETE
3,0.5924541710175195,2026-04-16 10:50:38.596880,2026-04-16 11:00:11.758931,0 days 00:09:33.162051,16,48,15,32,4,"[19, 20, 17, 36, 21]",22.6,0.5313799621928166,0.5924541710175195,COMPLETE
4,0.6090889314305603,2026-04-16 11:00:11.773025,2026-04-16 11:16:23.836986,0 days 00:16:12.063961,16,44,5,64,2,"[99, 46, 16, 20, 53]",46.8,0.5299621928166351,0.6090889314305603,COMPLETE
5,0.6056387051862165,2026-04-16 11:16:23.849807,2026-04-16 11:33:38.475290,0 days 00:17:14.625483,48,32,3,64,2,"[73, 61, 100, 40, 31]",61.0,0.5562381852551985,0.6056387051862165,COMPLETE
6,0.61327155122404,2026-04-16 11:33:38.493226,2026-04-16 11:46:25.164892,0 days 00:12:46.671666,16,40,3,96,3,"[20, 37, 85, 16, 32]",38.0,0.5375236294896031,0.61327155122404,COMPLETE
7,0.6096820976911475,2026-04-16 11:46:25.183758,2026-04-16 12:03:51.337171,0 days 00:17:26.153413,48,20,3,32,3,"[19, 50, 94, 16, 67]",49.2,0.5713610586011342,0.6096820976911475,COMPLETE
8,0.6137341919016127,2026-04-16 12:03:51.349055,2026-04-16 12:11:53.167322,0 days 00:08:01.818267,16,28,15,64,3,"[32, 42, 50, 17, 31]",34.4,0.5440453686200379,0.6137341919016127,COMPLETE
9,0.6136152685926441,2026-04-16 12:11:53.181221,2026-04-16 12:18:58.952010,0 days 00:07:05.770789,32,32,9,128,4,"[16, 16, 39, 31, 26]",25.6,0.5499054820415881,0.6136152685926441,COMPLETE
10,0.623767258382643,2026-04-16 12:18:58.963854,2026-04-16 12:30:47.627735,0 days 00:11:48.663881,32,28,11,64,3,"[99, 30, 100, 16, 44]",57.8,0.5037807183364839,0.623767258382643,COMPLETE
11,0.6158922148741153,2026-04-16 12:30:47.639748,2026-04-16 12:40:10.285130,0 days 00:09:22.645382,32,28,11,64,3,"[25, 26, 66, 18, 20]",31.0,0.5308128544423439,0.6158922148741153,COMPLETE
12,0.6150844065436825,2026-04-16 12:40:10.298300,2026-04-16 12:51:33.828813,0 days 00:11:23.530513,32,24,11,64,3,"[30, 25, 70, 17, 39]",36.2,0.5390359168241966,0.6150844065436825,COMPLETE
13,0.6029252233437753,2026-04-16 12:51:33.844720,2026-04-16 13:04:28.459857,0 days 00:12:54.615137,32,36,9,32,3,"[21, 33, 81, 54, 23]",42.4,0.5362948960302457,0.6029252233437753,COMPLETE
14,0.6066321499013807,2026-04-16 13:04:28.476591,2026-04-16 13:15:16.019978,0 days 00:10:47.543387,32,24,11,64,3,"[45, 17, 72, 17, 20]",34.2,0.546124763705104,0.6066321499013807,COMPLETE
15,0.5946049425687436,2026-04-16 13:15:16.034735,2026-04-16 13:24:21.823659,0 days 00:09:05.788924,32,28,11,96,3,"[40, 21, 40, 16, 35]",30.4,0.5619092627599245,0.5946049425687436,COMPLETE
16,0.58752030397958,2026-04-16 13:24:21.836329,2026-04-16 13:31:54.882288,0 days 00:07:33.045959,48,32,7,32,4,"[33, 16, 26, 35, 16]",25.2,0.5267485822306238,0.58752030397958,COMPLETE
17,0.596667246780369,2026-04-16 13:31:54.895320,2026-04-16 13:41:40.004868,0 days 00:09:45.109548,32,28,13,64,3,"[17, 62, 53, 16, 24]",34.4,0.5135160680529299,0.596667246780369,COMPLETE
18,0.5966730479173917,2026-04-16 13:41:40.017620,2026-04-16 13:51:45.943414,0 days 00:10:05.925794,48,36,13,96,4,"[33, 29, 57, 16, 31]",33.2,0.5204631379962193,0.5966730479173917,COMPLETE
19,0.6006149205244228,2026-04-16 13:51:45.956675,2026-04-16 14:01:25.435163,0 days 00:09:39.478488,16,24,7,32,2,"[17, 40, 99, 16, 16]",37.6,0.5300567107750472,0.6006149205244228,COMPLETE
20,0.6202387167884905,2026-04-16 14:01:25.446568,2026-04-16 14:11:45.480152,0 days 00:10:20.033584,32,20,9,64,3,"[33, 21, 59, 26, 35]",34.8,0.5415879017013233,0.6202387167884905,COMPLETE
21,0.6028976679429168,2026-04-16 14:11:45.492624,2026-04-16 14:21:04.599210,0 days 00:09:19.106586,32,20,9,64,3,"[43, 29, 17, 21, 47]",31.4,0.5072778827977314,0.6028976679429168,COMPLETE
22,0.5973604826546002,2026-04-16 14:21:04.611835,2026-04-16 14:32:05.744556,0 days 00:11:01.132721,32,20,11,64,3,"[33, 28, 58, 16, 39]",34.8,0.5497637051039698,0.5973604826546002,COMPLETE
23,0.6201589511544261,2026-04-16 14:32:05.759604,2026-04-16 14:45:42.344899,0 days 00:13:36.585295,32,24,9,64,3,"[32, 56, 98, 26, 37]",49.8,0.5378071833648393,0.6201589511544261,COMPLETE
24,0.6158617589047453,2026-04-16 14:45:42.356702,2026-04-16 14:58:06.417418,0 days 00:12:24.060716,48,24,7,96,3,"[35, 22, 90, 88, 16]",50.2,0.5289224952741021,0.6158617589047453,COMPLETE
25,0.5923439494140851,2026-04-16 14:58:06.430198,2026-04-16 15:12:19.787105,0 days 00:14:13.356907,32,20,9,64,3,"[18, 49, 59, 48, 16]",38.0,0.5455576559546313,0.5923439494140851,COMPLETE
26,0.5888328112310013,2026-04-16 15:12:19.809368,2026-04-16 15:25:52.605249,0 days 00:13:32.795881,16,16,9,32,2,"[100, 74, 16, 30, 73]",58.6,0.4967863894139886,0.5888328112310013,COMPLETE
27,0.5987324515605058,2026-04-16 15:25:52.618758,2026-04-16 15:35:14.566714,0 days 00:09:21.947956,32,24,7,64,4,"[26, 35, 29, 16, 23]",25.8,0.5254253308128545,0.5987324515605058,COMPLETE
28,0.6130264531848242,2026-04-16 15:35:14.580617,2026-04-16 15:47:46.983663,0 days 00:12:32.403046,48,20,13,96,3,"[44, 19, 100, 17, 39]",43.8,0.5537807183364839,0.6130264531848242,COMPLETE
29,0.6079925165332405,2026-04-16 15:47:46.997514,2026-04-16 16:05:41.729504,0 days 00:17:54.731990,48,36,5,96,2,"[68, 38, 99, 29, 44]",55.6,0.5703213610586012,0.6079925165332405,COMPLETE
